Temp/gradleOut/launcher/build/intermediates/manifest_merge_blame_file/release/manifest-merger-blame-release-report.txt
1<?xml version="1.0" encoding="utf-8"?>
2<!-- GENERATED BY UNITY. REMOVE THIS COMMENT TO PREVENT OVERWRITING WHEN EXPORTING AGAIN -->
3<manifest xmlns:android="http://schemas.android.com/apk/res/android"
4    package="com.DefaultCompany.GAmifikasi"
5    android:installLocation="preferExternal"
6    android:versionCode="1"
7    android:versionName="0.1" >
8
9    <uses-sdk
10        android:minSdkVersion="19"
10-->src\main\AndroidManifest.xml
11        android:targetSdkVersion="30" />
11-->src\main\AndroidManifest.xml
12
13    <supports-screens
13-->src\main\AndroidManifest.xml:4:3-163
14        android:anyDensity="true"
14-->src\main\AndroidManifest.xml:4:135-160
15        android:largeScreens="true"
15-->src\main\AndroidManifest.xml:4:78-105
16        android:normalScreens="true"
16-->src\main\AndroidManifest.xml:4:49-77
17        android:smallScreens="true"
17-->src\main\AndroidManifest.xml:4:21-48
18        android:xlargeScreens="true" />
18-->src\main\AndroidManifest.xml:4:106-134
19
20    <uses-feature android:glEsVersion="0x00030000" />
20-->[:unityLibrary] AndroidManifest.xml:13:5-54
20-->[:unityLibrary] AndroidManifest.xml:13:19-51
21    <uses-feature
21-->[:unityLibrary] AndroidManifest.xml:14:5-16:36
22        android:name="android.hardware.vulkan.version"
22-->[:unityLibrary] AndroidManifest.xml:15:9-55
23        android:required="false" />
23-->[:unityLibrary] AndroidManifest.xml:16:9-33
24
25    <supports-gl-texture android:name="GL_OES_compressed_ETC1_RGB8_texture" />
25-->[:unityLibrary] AndroidManifest.xml:18:5-79
25-->[:unityLibrary] AndroidManifest.xml:18:26-76
26
27    <uses-permission android:name="android.permission.INTERNET" />
27-->[:unityLibrary] AndroidManifest.xml:20:5-67
27-->[:unityLibrary] AndroidManifest.xml:20:22-64
28
29    <uses-feature
29-->[:unityLibrary] AndroidManifest.xml:22:5-24:36
30        android:name="android.hardware.touchscreen"
30-->[:unityLibrary] AndroidManifest.xml:23:9-52
31        android:required="false" />
31-->[:unityLibrary] AndroidManifest.xml:24:9-33
32    <uses-feature
32-->[:unityLibrary] AndroidManifest.xml:25:5-27:36
33        android:name="android.hardware.touchscreen.multitouch"
33-->[:unityLibrary] AndroidManifest.xml:26:9-63
34        android:required="false" />
34-->[:unityLibrary] AndroidManifest.xml:27:9-33
35    <uses-feature
35-->[:unityLibrary] AndroidManifest.xml:28:5-30:36
36        android:name="android.hardware.touchscreen.multitouch.distinct"
36-->[:unityLibrary] AndroidManifest.xml:29:9-72
37        android:required="false" /> <!-- Include required permissions for Advertising Id -->
37-->[:unityLibrary] AndroidManifest.xml:30:9-33
38    <uses-permission android:name="com.google.android.gms.permission.AD_ID" />
38-->[:com.google.android.gms.play-services-ads-identifier-18.0.0:] AndroidManifest.xml:23:5-79
38-->[:com.google.android.gms.play-services-ads-identifier-18.0.0:] AndroidManifest.xml:23:22-76
39    <uses-permission android:name="android.permission.ACCESS_NETWORK_STATE" />
39-->[:com.google.android.gms.play-services-measurement-20.1.2:] AndroidManifest.xml:24:5-79
39-->[:com.google.android.gms.play-services-measurement-20.1.2:] AndroidManifest.xml:24:22-76
40    <uses-permission android:name="android.permission.WAKE_LOCK" />
40-->[:com.google.android.gms.play-services-measurement-20.1.2:] AndroidManifest.xml:25:5-68
40-->[:com.google.android.gms.play-services-measurement-20.1.2:] AndroidManifest.xml:25:22-65
41    <uses-permission android:name="com.google.android.finsky.permission.BIND_GET_INSTALL_REFERRER_SERVICE" />
41-->[:com.google.android.gms.play-services-measurement-20.1.2:] AndroidManifest.xml:26:5-110
41-->[:com.google.android.gms.play-services-measurement-20.1.2:] AndroidManifest.xml:26:22-107
42
43    <application
43-->src\main\AndroidManifest.xml:5:3-116
44        android:appComponentFactory="androidx.core.app.CoreComponentFactory"
44-->[:androidx.core.core-1.2.0:] AndroidManifest.xml:24:18-86
45        android:extractNativeLibs="true"
45-->src\main\AndroidManifest.xml:5:16-48
46        android:icon="@mipmap/app_icon"
46-->src\main\AndroidManifest.xml:5:82-113
47        android:label="@string/app_name" >
47-->src\main\AndroidManifest.xml:5:49-81
48        <activity
48-->[:unityLibrary] AndroidManifest.xml:33:9-53:20
49            android:name="com.unity3d.player.UnityPlayerActivity"
49-->[:unityLibrary] AndroidManifest.xml:34:13-66
50            android:configChanges="mcc|mnc|locale|touchscreen|keyboard|keyboardHidden|navigation|orientation|screenLayout|uiMode|screenSize|smallestScreenSize|fontScale|layoutDirection|density"
50-->[:unityLibrary] AndroidManifest.xml:35:13-194
51            android:hardwareAccelerated="false"
51-->[:unityLibrary] AndroidManifest.xml:36:13-48
52            android:launchMode="singleTask"
52-->[:unityLibrary] AndroidManifest.xml:37:13-44
53            android:resizeableActivity="false"
53-->[:unityLibrary] AndroidManifest.xml:38:13-47
54            android:screenOrientation="fullSensor"
54-->[:unityLibrary] AndroidManifest.xml:39:13-51
55            android:theme="@style/UnityThemeSelector" >
55-->[:unityLibrary] AndroidManifest.xml:40:13-54
56            <intent-filter>
56-->[:unityLibrary] AndroidManifest.xml:41:13-45:29
57                <action android:name="android.intent.action.MAIN" />
57-->[:unityLibrary] AndroidManifest.xml:42:17-69
57-->[:unityLibrary] AndroidManifest.xml:42:25-66
58
59                <category android:name="android.intent.category.LAUNCHER" />
59-->[:unityLibrary] AndroidManifest.xml:44:17-77
59-->[:unityLibrary] AndroidManifest.xml:44:27-74
60            </intent-filter>
61
62            <meta-data
62-->[:unityLibrary] AndroidManifest.xml:47:13-49:40
63                android:name="unityplayer.UnityActivity"
63-->[:unityLibrary] AndroidManifest.xml:48:17-57
64                android:value="true" />
64-->[:unityLibrary] AndroidManifest.xml:49:17-37
65            <meta-data
65-->[:unityLibrary] AndroidManifest.xml:50:13-52:40
66                android:name="android.notch_support"
66-->[:unityLibrary] AndroidManifest.xml:51:17-53
67                android:value="true" />
67-->[:unityLibrary] AndroidManifest.xml:52:17-37
68        </activity>
69
70        <meta-data
70-->[:unityLibrary] AndroidManifest.xml:55:9-57:33
71            android:name="unity.splash-mode"
71-->[:unityLibrary] AndroidManifest.xml:56:13-45
72            android:value="0" />
72-->[:unityLibrary] AndroidManifest.xml:57:13-30
73        <meta-data
73-->[:unityLibrary] AndroidManifest.xml:58:9-60:36
74            android:name="unity.splash-enable"
74-->[:unityLibrary] AndroidManifest.xml:59:13-47
75            android:value="True" />
75-->[:unityLibrary] AndroidManifest.xml:60:13-33
76        <meta-data
76-->[:unityLibrary] AndroidManifest.xml:61:9-63:37
77            android:name="unity.allow-resizable-window"
77-->[:unityLibrary] AndroidManifest.xml:62:13-56
78            android:value="False" />
78-->[:unityLibrary] AndroidManifest.xml:63:13-34
79        <meta-data
79-->[:unityLibrary] AndroidManifest.xml:64:9-66:50
80            android:name="notch.config"
80-->[:unityLibrary] AndroidManifest.xml:65:13-40
81            android:value="portrait|landscape" />
81-->[:unityLibrary] AndroidManifest.xml:66:13-47
82        <meta-data
82-->[:unityLibrary] AndroidManifest.xml:67:9-69:68
83            android:name="unity.build-id"
83-->[:unityLibrary] AndroidManifest.xml:68:13-42
84            android:value="71cb0f70-211f-435c-885d-a322774f1868" />
84-->[:unityLibrary] AndroidManifest.xml:69:13-65
85
86        <activity
86-->[:com.google.android.gms.play-services-base-18.0.1:] AndroidManifest.xml:20:9-22:45
87            android:name="com.google.android.gms.common.api.GoogleApiActivity"
87-->[:com.google.android.gms.play-services-base-18.0.1:] AndroidManifest.xml:20:19-85
88            android:exported="false"
88-->[:com.google.android.gms.play-services-base-18.0.1:] AndroidManifest.xml:22:19-43
89            android:theme="@android:style/Theme.Translucent.NoTitleBar" />
89-->[:com.google.android.gms.play-services-base-18.0.1:] AndroidManifest.xml:21:19-78
90
91        <meta-data
91-->[:com.google.android.gms.play-services-basement-18.0.0:] AndroidManifest.xml:21:9-23:69
92            android:name="com.google.android.gms.version"
92-->[:com.google.android.gms.play-services-basement-18.0.0:] AndroidManifest.xml:22:13-58
93            android:value="@integer/google_play_services_version" />
93-->[:com.google.android.gms.play-services-basement-18.0.0:] AndroidManifest.xml:23:13-66
94
95        <receiver
95-->[:com.google.android.gms.play-services-measurement-20.1.2:] AndroidManifest.xml:29:9-33:20
96            android:name="com.google.android.gms.measurement.AppMeasurementReceiver"
96-->[:com.google.android.gms.play-services-measurement-20.1.2:] AndroidManifest.xml:30:13-85
97            android:enabled="true"
97-->[:com.google.android.gms.play-services-measurement-20.1.2:] AndroidManifest.xml:31:13-35
98            android:exported="false" >
98-->[:com.google.android.gms.play-services-measurement-20.1.2:] AndroidManifest.xml:32:13-37
99        </receiver>
100
101        <service
101-->[:com.google.android.gms.play-services-measurement-20.1.2:] AndroidManifest.xml:35:9-38:40
102            android:name="com.google.android.gms.measurement.AppMeasurementService"
102-->[:com.google.android.gms.play-services-measurement-20.1.2:] AndroidManifest.xml:36:13-84
103            android:enabled="true"
103-->[:com.google.android.gms.play-services-measurement-20.1.2:] AndroidManifest.xml:37:13-35
104            android:exported="false" />
104-->[:com.google.android.gms.play-services-measurement-20.1.2:] AndroidManifest.xml:38:13-37
105        <service
105-->[:com.google.android.gms.play-services-measurement-20.1.2:] AndroidManifest.xml:39:9-43:72
106            android:name="com.google.android.gms.measurement.AppMeasurementJobService"
106-->[:com.google.android.gms.play-services-measurement-20.1.2:] AndroidManifest.xml:40:13-87
107            android:enabled="true"
107-->[:com.google.android.gms.play-services-measurement-20.1.2:] AndroidManifest.xml:41:13-35
108            android:exported="false"
108-->[:com.google.android.gms.play-services-measurement-20.1.2:] AndroidManifest.xml:42:13-37
109            android:permission="android.permission.BIND_JOB_SERVICE" />
109-->[:com.google.android.gms.play-services-measurement-20.1.2:] AndroidManifest.xml:43:13-69
110        <service
110-->[:com.google.android.gms.play-services-measurement-api-20.1.2:] AndroidManifest.xml:28:9-34:19
111            android:name="com.google.firebase.components.ComponentDiscoveryService"
111-->[:com.google.android.gms.play-services-measurement-api-20.1.2:] AndroidManifest.xml:29:13-84
112            android:directBootAware="true"
112-->[:com.google.firebase.firebase-common-20.1.0:] AndroidManifest.xml:21:86-116
113            android:exported="false" >
113-->[:com.google.android.gms.play-services-measurement-api-20.1.2:] AndroidManifest.xml:30:13-37
114            <meta-data
114-->[:com.google.android.gms.play-services-measurement-api-20.1.2:] AndroidManifest.xml:31:13-33:85
115                android:name="com.google.firebase.components:com.google.firebase.analytics.connector.internal.AnalyticsConnectorRegistrar"
115-->[:com.google.android.gms.play-services-measurement-api-20.1.2:] AndroidManifest.xml:32:17-139
116                android:value="com.google.firebase.components.ComponentRegistrar" />
116-->[:com.google.android.gms.play-services-measurement-api-20.1.2:] AndroidManifest.xml:33:17-82
117            <meta-data
117-->[:com.google.firebase.firebase-auth-21.0.3:] AndroidManifest.xml:67:13-69:85
118                android:name="com.google.firebase.components:com.google.firebase.auth.FirebaseAuthRegistrar"
118-->[:com.google.firebase.firebase-auth-21.0.3:] AndroidManifest.xml:68:17-109
119                android:value="com.google.firebase.components.ComponentRegistrar" />
119-->[:com.google.firebase.firebase-auth-21.0.3:] AndroidManifest.xml:69:17-82
120            <meta-data
120-->[:com.google.firebase.firebase-installations-17.0.0:] AndroidManifest.xml:18:13-20:85
121                android:name="com.google.firebase.components:com.google.firebase.installations.FirebaseInstallationsRegistrar"
121-->[:com.google.firebase.firebase-installations-17.0.0:] AndroidManifest.xml:19:17-127
122                android:value="com.google.firebase.components.ComponentRegistrar" />
122-->[:com.google.firebase.firebase-installations-17.0.0:] AndroidManifest.xml:20:17-82
123        </service>
124
125        <activity
125-->[:com.google.firebase.firebase-auth-21.0.3:] AndroidManifest.xml:27:9-44:20
126            android:name="com.google.firebase.auth.internal.GenericIdpActivity"
126-->[:com.google.firebase.firebase-auth-21.0.3:] AndroidManifest.xml:28:13-80
127            android:excludeFromRecents="true"
127-->[:com.google.firebase.firebase-auth-21.0.3:] AndroidManifest.xml:29:13-46
128            android:exported="true"
128-->[:com.google.firebase.firebase-auth-21.0.3:] AndroidManifest.xml:30:13-36
129            android:launchMode="singleTask"
129-->[:com.google.firebase.firebase-auth-21.0.3:] AndroidManifest.xml:31:13-44
130            android:theme="@android:style/Theme.Translucent.NoTitleBar" >
130-->[:com.google.firebase.firebase-auth-21.0.3:] AndroidManifest.xml:32:13-72
131            <intent-filter>
131-->[:com.google.firebase.firebase-auth-21.0.3:] AndroidManifest.xml:33:13-43:29
132                <action android:name="android.intent.action.VIEW" />
132-->[:com.google.firebase.firebase-auth-21.0.3:] AndroidManifest.xml:34:17-69
132-->[:com.google.firebase.firebase-auth-21.0.3:] AndroidManifest.xml:34:25-66
133
134                <category android:name="android.intent.category.DEFAULT" />
134-->[:com.google.firebase.firebase-auth-21.0.3:] AndroidManifest.xml:36:17-76
134-->[:com.google.firebase.firebase-auth-21.0.3:] AndroidManifest.xml:36:27-73
135                <category android:name="android.intent.category.BROWSABLE" />
135-->[:com.google.firebase.firebase-auth-21.0.3:] AndroidManifest.xml:37:17-78
135-->[:com.google.firebase.firebase-auth-21.0.3:] AndroidManifest.xml:37:27-75
136
137                <data
137-->[:com.google.firebase.firebase-auth-21.0.3:] AndroidManifest.xml:39:17-42:51
138                    android:host="firebase.auth"
138-->[:com.google.firebase.firebase-auth-21.0.3:] AndroidManifest.xml:40:21-49
139                    android:path="/"
139-->[:com.google.firebase.firebase-auth-21.0.3:] AndroidManifest.xml:41:21-37
140                    android:scheme="genericidp" />
140-->[:com.google.firebase.firebase-auth-21.0.3:] AndroidManifest.xml:42:21-48
141            </intent-filter>
142        </activity>
143        <activity
143-->[:com.google.firebase.firebase-auth-21.0.3:] AndroidManifest.xml:45:9-62:20
144            android:name="com.google.firebase.auth.internal.RecaptchaActivity"
144-->[:com.google.firebase.firebase-auth-21.0.3:] AndroidManifest.xml:46:13-79
145            android:excludeFromRecents="true"
145-->[:com.google.firebase.firebase-auth-21.0.3:] AndroidManifest.xml:47:13-46
146            android:exported="true"
146-->[:com.google.firebase.firebase-auth-21.0.3:] AndroidManifest.xml:48:13-36
147            android:launchMode="singleTask"
147-->[:com.google.firebase.firebase-auth-21.0.3:] AndroidManifest.xml:49:13-44
148            android:theme="@android:style/Theme.Translucent.NoTitleBar" >
148-->[:com.google.firebase.firebase-auth-21.0.3:] AndroidManifest.xml:50:13-72
149            <intent-filter>
149-->[:com.google.firebase.firebase-auth-21.0.3:] AndroidManifest.xml:51:13-61:29
150                <action android:name="android.intent.action.VIEW" />
150-->[:com.google.firebase.firebase-auth-21.0.3:] AndroidManifest.xml:34:17-69
150-->[:com.google.firebase.firebase-auth-21.0.3:] AndroidManifest.xml:34:25-66
151
152                <category android:name="android.intent.category.DEFAULT" />
152-->[:com.google.firebase.firebase-auth-21.0.3:] AndroidManifest.xml:36:17-76
152-->[:com.google.firebase.firebase-auth-21.0.3:] AndroidManifest.xml:36:27-73
153                <category android:name="android.intent.category.BROWSABLE" />
153-->[:com.google.firebase.firebase-auth-21.0.3:] AndroidManifest.xml:37:17-78
153-->[:com.google.firebase.firebase-auth-21.0.3:] AndroidManifest.xml:37:27-75
154
155                <data
155-->[:com.google.firebase.firebase-auth-21.0.3:] AndroidManifest.xml:39:17-42:51
156                    android:host="firebase.auth"
156-->[:com.google.firebase.firebase-auth-21.0.3:] AndroidManifest.xml:40:21-49
157                    android:path="/"
157-->[:com.google.firebase.firebase-auth-21.0.3:] AndroidManifest.xml:41:21-37
158                    android:scheme="recaptcha" />
158-->[:com.google.firebase.firebase-auth-21.0.3:] AndroidManifest.xml:42:21-48
159            </intent-filter>
160        </activity>
161
162        <provider
162-->[:com.google.firebase.firebase-common-20.1.0:] AndroidManifest.xml:20:5-235
163            android:name="com.google.firebase.provider.FirebaseInitProvider"
163-->[:com.google.firebase.firebase-common-20.1.0:] AndroidManifest.xml:20:15-79
164            android:authorities="com.DefaultCompany.GAmifikasi.firebaseinitprovider"
164-->[:com.google.firebase.firebase-common-20.1.0:] AndroidManifest.xml:20:80-152
165            android:directBootAware="true"
165-->[:com.google.firebase.firebase-common-20.1.0:] AndroidManifest.xml:20:153-183
166            android:exported="false"
166-->[:com.google.firebase.firebase-common-20.1.0:] AndroidManifest.xml:20:184-208
167            android:initOrder="100" />
167-->[:com.google.firebase.firebase-common-20.1.0:] AndroidManifest.xml:20:209-232
168    </application>
169
170</manifest>